# JRE version: OpenJDK Runtime Environment Temurin-21.0.6+7 (21.0.6+7) (build 21.0.6+7-LTS)
# Java VM: OpenJDK 64-Bit Server VM Temurin-21.0.6+7 (21.0.6+7-LTS, mixed mode, sharing, tiered, compressed oops, compressed class ptrs, parallel gc, windows-amd64)
GC Precious Log:
 CardTable entry size: 512
 CPUs: 8 total, 8 available
 Memory: 16075M
 Large Page Support: Disabled
 NUMA Support: Disabled
 Compressed Oops: Enabled (32-bit)
 Alignments: Space 512K, Generation 512K, Heap 2M
 Heap Min Capacity: 100M
 Heap Initial Capacity: 100M
 Heap Max Capacity: 1G
 Pre-touch: Disabled
 Parallel Workers: 8
Heap:
 PSYoungGen      total 4608K, used 3855K [0x00000000eab00000, 0x00000000eba80000, 0x0000000100000000)
  eden space 4096K, 82% used [0x00000000eab00000,0x00000000eae4bd68,0x00000000eaf00000)
  from space 512K, 93% used [0x00000000eba00000,0x00000000eba78020,0x00000000eba80000)
  to   space 1536K, 0% used [0x00000000eb780000,0x00000000eb780000,0x00000000eb900000)
 ParOldGen       total 516096K, used 516092K [0x00000000c0000000, 0x00000000df800000, 0x00000000eab00000)
  object space 516096K, 99% used [0x00000000c0000000,0x00000000df7ff398,0x00000000df800000)
 Metaspace       used 64101K, committed 65536K, reserved 1114112K
  class space    used 6656K, committed 7296K, reserved 1048576K
GC Heap History (20 events):
Event: 37.834 GC heap before
{Heap before GC invocations=196 (full 3):
 PSYoungGen      total 5632K, used 5069K [0x00000000eab00000, 0x00000000ebd00000, 0x0000000100000000)
  eden space 4096K, 97% used [0x00000000eab00000,0x00000000eaee85f0,0x00000000eaf00000)
  from space 1536K, 69% used [0x00000000ebb80000,0x00000000ebc8b1f8,0x00000000ebd00000)
  to   space 1536K, 0% used [0x00000000eba00000,0x00000000eba00000,0x00000000ebb80000)
 ParOldGen       total 500224K, used 500186K [0x00000000c0000000, 0x00000000de880000, 0x00000000eab00000)
  object space 500224K, 99% used [0x00000000c0000000,0x00000000de876818,0x00000000de880000)
 Metaspace       used 61937K, committed 63360K, reserved 1114112K
  class space    used 6416K, committed 7040K, reserved 1048576K
}
Event: 37.837 GC heap after
{Heap after GC invocations=196 (full 3):
 PSYoungGen      total 4608K, used 352K [0x00000000eab00000, 0x00000000ebc00000, 0x0000000100000000)
  eden space 4096K, 0% used [0x00000000eab00000,0x00000000eab00000,0x00000000eaf00000)
  from space 512K, 68% used [0x00000000eba00000,0x00000000eba58000,0x00000000eba80000)
  to   space 1024K, 0% used [0x00000000ebb00000,0x00000000ebb00000,0x00000000ebc00000)
 ParOldGen       total 505856K, used 505805K [0x00000000c0000000, 0x00000000dee00000, 0x00000000eab00000)
  object space 505856K, 99% used [0x00000000c0000000,0x00000000dedf3730,0x00000000dee00000)
 Metaspace       used 61937K, committed 63360K, reserved 1114112K
  class space    used 6416K, committed 7040K, reserved 1048576K
}
Event: 37.867 GC heap before
{Heap before GC invocations=197 (full 3):
 PSYoungGen      total 4608K, used 4240K [0x00000000eab00000, 0x00000000ebc00000, 0x0000000100000000)
  eden space 4096K, 94% used [0x00000000eab00000,0x00000000eaecc2e8,0x00000000eaf00000)
  from space 512K, 68% used [0x00000000eba00000,0x00000000eba58000,0x00000000eba80000)
  to   space 1024K, 0% used [0x00000000ebb00000,0x00000000ebb00000,0x00000000ebc00000)
 ParOldGen       total 505856K, used 505805K [0x00000000c0000000, 0x00000000dee00000, 0x00000000eab00000)
  object space 505856K, 99% used [0x00000000c0000000,0x00000000dedf3730,0x00000000dee00000)
 Metaspace       used 62044K, committed 63424K, reserved 1114112K
  class space    used 6425K, committed 7040K, reserved 1048576K
}
Event: 37.870 GC heap after
{Heap after GC invocations=197 (full 3):
 PSYoungGen      total 4608K, used 375K [0x00000000eab00000, 0x00000000ebb80000, 0x0000000100000000)
  eden space 4096K, 0% used [0x00000000eab00000,0x00000000eab00000,0x00000000eaf00000)
  from space 512K, 73% used [0x00000000ebb00000,0x00000000ebb5df70,0x00000000ebb80000)
  to   space 512K, 0% used [0x00000000eba00000,0x00000000eba00000,0x00000000eba80000)
 ParOldGen       total 511488K, used 510916K [0x00000000c0000000, 0x00000000df380000, 0x00000000eab00000)
  object space 511488K, 99% used [0x00000000c0000000,0x00000000df2f1150,0x00000000df380000)
 Metaspace       used 62044K, committed 63424K, reserved 1114112K
  class space    used 6425K, committed 7040K, reserved 1048576K
}
Event: 37.927 GC heap before
{Heap before GC invocations=198 (full 3):
 PSYoungGen      total 4608K, used 4471K [0x00000000eab00000, 0x00000000ebb80000, 0x0000000100000000)
  eden space 4096K, 100% used [0x00000000eab00000,0x00000000eaf00000,0x00000000eaf00000)
  from space 512K, 73% used [0x00000000ebb00000,0x00000000ebb5df70,0x00000000ebb80000)
  to   space 512K, 0% used [0x00000000eba00000,0x00000000eba00000,0x00000000eba80000)
 ParOldGen       total 511488K, used 510916K [0x00000000c0000000, 0x00000000df380000, 0x00000000eab00000)
  object space 511488K, 99% used [0x00000000c0000000,0x00000000df2f1150,0x00000000df380000)
 Metaspace       used 62070K, committed 63488K, reserved 1114112K
  class space    used 6425K, committed 7040K, reserved 1048576K
}
Event: 37.930 GC heap after
{Heap after GC invocations=198 (full 3):
 PSYoungGen      total 4608K, used 503K [0x00000000eab00000, 0x00000000ebb80000, 0x0000000100000000)
  eden space 4096K, 0% used [0x00000000eab00000,0x00000000eab00000,0x00000000eaf00000)
  from space 512K, 98% used [0x00000000eba00000,0x00000000eba7df20,0x00000000eba80000)
  to   space 1024K, 0% used [0x00000000eba80000,0x00000000eba80000,0x00000000ebb80000)
 ParOldGen       total 514048K, used 513808K [0x00000000c0000000, 0x00000000df600000, 0x00000000eab00000)
  object space 514048K, 99% used [0x00000000c0000000,0x00000000df5c4368,0x00000000df600000)
 Metaspace       used 62070K, committed 63488K, reserved 1114112K
  class space    used 6425K, committed 7040K, reserved 1048576K
}
Event: 38.042 GC heap before
{Heap before GC invocations=199 (full 3):
 PSYoungGen      total 4608K, used 4599K [0x00000000eab00000, 0x00000000ebb80000, 0x0000000100000000)
  eden space 4096K, 100% used [0x00000000eab00000,0x00000000eaf00000,0x00000000eaf00000)
  from space 512K, 98% used [0x00000000eba00000,0x00000000eba7df20,0x00000000eba80000)
  to   space 1024K, 0% used [0x00000000eba80000,0x00000000eba80000,0x00000000ebb80000)
 ParOldGen       total 514048K, used 513808K [0x00000000c0000000, 0x00000000df600000, 0x00000000eab00000)
  object space 514048K, 99% used [0x00000000c0000000,0x00000000df5c4368,0x00000000df600000)
 Metaspace       used 62484K, committed 64000K, reserved 1114112K
  class space    used 6455K, committed 7104K, reserved 1048576K
}
Event: 38.044 GC heap after
{Heap after GC invocations=199 (full 3):
 PSYoungGen      total 5120K, used 897K [0x00000000eab00000, 0x00000000ebb80000, 0x0000000100000000)
  eden space 4096K, 0% used [0x00000000eab00000,0x00000000eab00000,0x00000000eaf00000)
  from space 1024K, 87% used [0x00000000eba80000,0x00000000ebb60668,0x00000000ebb80000)
  to   space 2048K, 0% used [0x00000000eb780000,0x00000000eb780000,0x00000000eb980000)
 ParOldGen       total 514048K, used 513912K [0x00000000c0000000, 0x00000000df600000, 0x00000000eab00000)
  object space 514048K, 99% used [0x00000000c0000000,0x00000000df5de368,0x00000000df600000)
 Metaspace       used 62484K, committed 64000K, reserved 1114112K
  class space    used 6455K, committed 7104K, reserved 1048576K
}
Event: 38.093 GC heap before
{Heap before GC invocations=200 (full 3):
 PSYoungGen      total 5120K, used 4993K [0x00000000eab00000, 0x00000000ebb80000, 0x0000000100000000)
  eden space 4096K, 100% used [0x00000000eab00000,0x00000000eaf00000,0x00000000eaf00000)
  from space 1024K, 87% used [0x00000000eba80000,0x00000000ebb60668,0x00000000ebb80000)
  to   space 2048K, 0% used [0x00000000eb780000,0x00000000eb780000,0x00000000eb980000)
 ParOldGen       total 514048K, used 513912K [0x00000000c0000000, 0x00000000df600000, 0x00000000eab00000)
  object space 514048K, 99% used [0x00000000c0000000,0x00000000df5de368,0x00000000df600000)
 Metaspace       used 62734K, committed 64192K, reserved 1114112K
  class space    used 6492K, committed 7104K, reserved 1048576K
}
Event: 38.096 GC heap after
{Heap after GC invocations=200 (full 3):
 PSYoungGen      total 6144K, used 608K [0x00000000eab00000, 0x00000000ebb00000, 0x0000000100000000)
  eden space 4096K, 0% used [0x00000000eab00000,0x00000000eab00000,0x00000000eaf00000)
  from space 2048K, 29% used [0x00000000eb780000,0x00000000eb818000,0x00000000eb980000)
  to   space 1024K, 0% used [0x00000000eba00000,0x00000000eba00000,0x00000000ebb00000)
 ParOldGen       total 514560K, used 514350K [0x00000000c0000000, 0x00000000df680000, 0x00000000eab00000)
  object space 514560K, 99% used [0x00000000c0000000,0x00000000df64bae8,0x00000000df680000)
 Metaspace       used 62734K, committed 64192K, reserved 1114112K
  class space    used 6492K, committed 7104K, reserved 1048576K
}
Event: 38.118 GC heap before
{Heap before GC invocations=201 (full 3):
 PSYoungGen      total 6144K, used 4704K [0x00000000eab00000, 0x00000000ebb00000, 0x0000000100000000)
  eden space 4096K, 100% used [0x00000000eab00000,0x00000000eaf00000,0x00000000eaf00000)
  from space 2048K, 29% used [0x00000000eb780000,0x00000000eb818000,0x00000000eb980000)
  to   space 1024K, 0% used [0x00000000eba00000,0x00000000eba00000,0x00000000ebb00000)
 ParOldGen       total 514560K, used 514350K [0x00000000c0000000, 0x00000000df680000, 0x00000000eab00000)
  object space 514560K, 99% used [0x00000000c0000000,0x00000000df64bae8,0x00000000df680000)
 Metaspace       used 62905K, committed 64384K, reserved 1114112K
  class space    used 6500K, committed 7104K, reserved 1048576K
}
Event: 38.122 GC heap after
{Heap after GC invocations=201 (full 3):
 PSYoungGen      total 4608K, used 416K [0x00000000eab00000, 0x00000000eba80000, 0x0000000100000000)
  eden space 4096K, 0% used [0x00000000eab00000,0x00000000eab00000,0x00000000eaf00000)
  from space 512K, 81% used [0x00000000eba00000,0x00000000eba68000,0x00000000eba80000)
  to   space 1024K, 0% used [0x00000000eb880000,0x00000000eb880000,0x00000000eb980000)
 ParOldGen       total 515072K, used 514795K [0x00000000c0000000, 0x00000000df700000, 0x00000000eab00000)
  object space 515072K, 99% used [0x00000000c0000000,0x00000000df6baf78,0x00000000df700000)
 Metaspace       used 62905K, committed 64384K, reserved 1114112K
  class space    used 6500K, committed 7104K, reserved 1048576K
}
Event: 38.193 GC heap before
{Heap before GC invocations=202 (full 3):
 PSYoungGen      total 4608K, used 4512K [0x00000000eab00000, 0x00000000eba80000, 0x0000000100000000)
  eden space 4096K, 100% used [0x00000000eab00000,0x00000000eaf00000,0x00000000eaf00000)
  from space 512K, 81% used [0x00000000eba00000,0x00000000eba68000,0x00000000eba80000)
  to   space 1024K, 0% used [0x00000000eb880000,0x00000000eb880000,0x00000000eb980000)
 ParOldGen       total 515072K, used 514795K [0x00000000c0000000, 0x00000000df700000, 0x00000000eab00000)
  object space 515072K, 99% used [0x00000000c0000000,0x00000000df6baf78,0x00000000df700000)
 Metaspace       used 63253K, committed 64768K, reserved 1114112K
  class space    used 6524K, committed 7168K, reserved 1048576K
}
Event: 38.197 GC heap after
{Heap after GC invocations=202 (full 3):
 PSYoungGen      total 5120K, used 448K [0x00000000eab00000, 0x00000000eba80000, 0x0000000100000000)
  eden space 4096K, 0% used [0x00000000eab00000,0x00000000eab00000,0x00000000eaf00000)
  from space 1024K, 43% used [0x00000000eb880000,0x00000000eb8f0020,0x00000000eb980000)
  to   space 512K, 0% used [0x00000000eba00000,0x00000000eba00000,0x00000000eba80000)
 ParOldGen       total 515584K, used 515083K [0x00000000c0000000, 0x00000000df780000, 0x00000000eab00000)
  object space 515584K, 99% used [0x00000000c0000000,0x00000000df702f78,0x00000000df780000)
 Metaspace       used 63253K, committed 64768K, reserved 1114112K
  class space    used 6524K, committed 7168K, reserved 1048576K
}
Event: 38.401 GC heap before
{Heap before GC invocations=203 (full 3):
 PSYoungGen      total 5120K, used 4544K [0x00000000eab00000, 0x00000000eba80000, 0x0000000100000000)
  eden space 4096K, 100% used [0x00000000eab00000,0x00000000eaf00000,0x00000000eaf00000)
  from space 1024K, 43% used [0x00000000eb880000,0x00000000eb8f0020,0x00000000eb980000)
  to   space 512K, 0% used [0x00000000eba00000,0x00000000eba00000,0x00000000eba80000)
 ParOldGen       total 515584K, used 515083K [0x00000000c0000000, 0x00000000df780000, 0x00000000eab00000)
  object space 515584K, 99% used [0x00000000c0000000,0x00000000df702f78,0x00000000df780000)
 Metaspace       used 63803K, committed 65280K, reserved 1114112K
  class space    used 6635K, committed 7296K, reserved 1048576K
}
Event: 38.403 GC heap after
{Heap after GC invocations=203 (full 3):
 PSYoungGen      total 4608K, used 320K [0x00000000eab00000, 0x00000000eba80000, 0x0000000100000000)
  eden space 4096K, 0% used [0x00000000eab00000,0x00000000eab00000,0x00000000eaf00000)
  from space 512K, 62% used [0x00000000eba00000,0x00000000eba50000,0x00000000eba80000)
  to   space 512K, 0% used [0x00000000eb980000,0x00000000eb980000,0x00000000eba00000)
 ParOldGen       total 515584K, used 515283K [0x00000000c0000000, 0x00000000df780000, 0x00000000eab00000)
  object space 515584K, 99% used [0x00000000c0000000,0x00000000df734f98,0x00000000df780000)
 Metaspace       used 63803K, committed 65280K, reserved 1114112K
  class space    used 6635K, committed 7296K, reserved 1048576K
}
Event: 43.772 GC heap before
{Heap before GC invocations=204 (full 3):
 PSYoungGen      total 4608K, used 4416K [0x00000000eab00000, 0x00000000eba80000, 0x0000000100000000)
  eden space 4096K, 100% used [0x00000000eab00000,0x00000000eaf00000,0x00000000eaf00000)
  from space 512K, 62% used [0x00000000eba00000,0x00000000eba50000,0x00000000eba80000)
  to   space 512K, 0% used [0x00000000eb980000,0x00000000eb980000,0x00000000eba00000)
 ParOldGen       total 515584K, used 515283K [0x00000000c0000000, 0x00000000df780000, 0x00000000eab00000)
  object space 515584K, 99% used [0x00000000c0000000,0x00000000df734f98,0x00000000df780000)
 Metaspace       used 63946K, committed 65408K, reserved 1114112K
  class space    used 6653K, committed 7296K, reserved 1048576K
}
Event: 43.776 GC heap after
{Heap after GC invocations=204 (full 3):
 PSYoungGen      total 4608K, used 480K [0x00000000eab00000, 0x00000000eba80000, 0x0000000100000000)
  eden space 4096K, 0% used [0x00000000eab00000,0x00000000eab00000,0x00000000eaf00000)
  from space 512K, 93% used [0x00000000eb980000,0x00000000eb9f8030,0x00000000eba00000)
  to   space 512K, 0% used [0x00000000eba00000,0x00000000eba00000,0x00000000eba80000)
 ParOldGen       total 515584K, used 515563K [0x00000000c0000000, 0x00000000df780000, 0x00000000eab00000)
  object space 515584K, 99% used [0x00000000c0000000,0x00000000df77afa8,0x00000000df780000)
 Metaspace       used 63946K, committed 65408K, reserved 1114112K
  class space    used 6653K, committed 7296K, reserved 1048576K
}
Event: 44.820 GC heap before
{Heap before GC invocations=205 (full 3):
 PSYoungGen      total 4608K, used 4576K [0x00000000eab00000, 0x00000000eba80000, 0x0000000100000000)
  eden space 4096K, 100% used [0x00000000eab00000,0x00000000eaf00000,0x00000000eaf00000)
  from space 512K, 93% used [0x00000000eb980000,0x00000000eb9f8030,0x00000000eba00000)
  to   space 512K, 0% used [0x00000000eba00000,0x00000000eba00000,0x00000000eba80000)
 ParOldGen       total 515584K, used 515563K [0x00000000c0000000, 0x00000000df780000, 0x00000000eab00000)
  object space 515584K, 99% used [0x00000000c0000000,0x00000000df77afa8,0x00000000df780000)
 Metaspace       used 64019K, committed 65472K, reserved 1114112K
  class space    used 6655K, committed 7296K, reserved 1048576K
}
Event: 44.822 GC heap after
{Heap after GC invocations=205 (full 3):
 PSYoungGen      total 4608K, used 480K [0x00000000eab00000, 0x00000000eba80000, 0x0000000100000000)
  eden space 4096K, 0% used [0x00000000eab00000,0x00000000eab00000,0x00000000eaf00000)
  from space 512K, 93% used [0x00000000eba00000,0x00000000eba78020,0x00000000eba80000)
  to   space 1536K, 0% used [0x00000000eb780000,0x00000000eb780000,0x00000000eb900000)
 ParOldGen       total 516096K, used 516092K [0x00000000c0000000, 0x00000000df800000, 0x00000000eab00000)
  object space 516096K, 99% used [0x00000000c0000000,0x00000000df7ff398,0x00000000df800000)
 Metaspace       used 64019K, committed 65472K, reserved 1114112K
  class space    used 6655K, committed 7296K, reserved 1048576K
}

